{
  "RSpec": {
    "coverage": {
      "C:/Users/Camille's PC/Documents/cs169/proj/bail-reform-at-berkeley/config/environment.rb": [
        null,
        1,
        null,
        null,
        0
      ],
      "C:/Users/Camille's PC/Documents/cs169/proj/bail-reform-at-berkeley/config/application.rb": [
        1,
        null,
        1,
        null,
        null,
        null,
        1,
        null,
        0,
        0,
        null,
        0,
        null,
        null,
        null,
        null,
        null,
        null,
        null
      ],
      "C:/Users/Camille's PC/Documents/cs169/proj/bail-reform-at-berkeley/config/boot.rb": [
        1,
        null,
        1,
        1
      ],
      "C:/Users/Camille's PC/Documents/cs169/proj/bail-reform-at-berkeley/spec/controllers/info_controller_spec.rb": [
        1,
        null,
        0,
        0,
        0,
        0,
        null,
        null
      ],
      "C:/Users/Camille's PC/Documents/cs169/proj/bail-reform-at-berkeley/spec/rails_helper.rb": [
        null,
        1,
        1,
        null,
        1,
        1,
        1,
        null,
        0,
        0,
        null,
        null,
        null,
        null,
        null,
        null,
        null,
        null,
        null,
        null,
        null,
        null,
        null,
        null,
        null,
        null,
        null,
        null,
        null,
        0,
        0,
        null,
        0,
        0,
        null,
        0,
        null,
        0,
        null,
        null,
        null,
        null,
        0,
        null,
        null,
        null,
        null,
        null,
        null,
        null,
        null,
        null,
        null,
        null,
        null,
        null,
        null,
        0,
        null,
        null,
        0,
        null,
        null,
        null
      ]
    },
    "timestamp": 1556559216
  }
}
