{
  "RSpec": {
    "coverage": {
      "/Users/autumn/repo/CS169/bail-reform-at-berkeley/config/environment.rb": [
        null,
        1,
        null,
        null,
        1
      ],
      "/Users/autumn/repo/CS169/bail-reform-at-berkeley/config/application.rb": [
        1,
        null,
        1,
        null,
        null,
        null,
        1,
        null,
        1,
        1,
        null,
        1,
        null,
        null,
        null,
        null,
        null,
        null,
        null
      ],
      "/Users/autumn/repo/CS169/bail-reform-at-berkeley/config/boot.rb": [
        1,
        null,
        1,
        1
      ],
      "/Users/autumn/repo/CS169/bail-reform-at-berkeley/config/environments/test.rb": [
        1,
        null,
        null,
        null,
        null,
        null,
        null,
        1,
        null,
        null,
        null,
        null,
        1,
        null,
        null,
        1,
        1,
        null,
        null,
        null,
        null,
        1,
        1,
        null,
        null,
        1,
        null,
        null,
        1,
        null,
        null,
        1,
        null,
        1,
        null,
        null,
        null,
        null,
        1,
        null,
        null,
        1,
        null,
        null,
        null,
        null
      ],
      "/Users/autumn/repo/CS169/bail-reform-at-berkeley/config/initializers/application_controller_renderer.rb": [
        null,
        null,
        null,
        null,
        null,
        null,
        null,
        null
      ],
      "/Users/autumn/repo/CS169/bail-reform-at-berkeley/config/initializers/assets.rb": [
        null,
        null,
        null,
        1,
        null,
        null,
        null,
        null,
        1,
        null,
        null,
        null,
        null,
        null
      ],
      "/Users/autumn/repo/CS169/bail-reform-at-berkeley/config/initializers/backtrace_silencers.rb": [
        null,
        null,
        null,
        null,
        null,
        null,
        null
      ],
      "/Users/autumn/repo/CS169/bail-reform-at-berkeley/config/initializers/content_security_policy.rb": [
        null,
        null,
        null,
        null,
        null,
        null,
        null,
        null,
        null,
        null,
        null,
        null,
        null,
        null,
        null,
        null,
        null,
        null,
        null,
        null,
        null,
        null,
        null,
        null,
        null
      ],
      "/Users/autumn/repo/CS169/bail-reform-at-berkeley/config/initializers/cookies_serializer.rb": [
        null,
        null,
        null,
        null,
        1
      ],
      "/Users/autumn/repo/CS169/bail-reform-at-berkeley/config/initializers/filter_parameter_logging.rb": [
        null,
        null,
        null,
        1
      ],
      "/Users/autumn/repo/CS169/bail-reform-at-berkeley/config/initializers/inflections.rb": [
        null,
        null,
        null,
        null,
        null,
        null,
        null,
        null,
        null,
        null,
        null,
        null,
        null,
        null,
        null,
        null
      ],
      "/Users/autumn/repo/CS169/bail-reform-at-berkeley/config/initializers/mime_types.rb": [
        null,
        null,
        null,
        null
      ],
      "/Users/autumn/repo/CS169/bail-reform-at-berkeley/config/initializers/wrap_parameters.rb": [
        null,
        null,
        null,
        null,
        null,
        null,
        1,
        2,
        null,
        null,
        null,
        null,
        null,
        null
      ],
      "/Users/autumn/repo/CS169/bail-reform-at-berkeley/config/routes.rb": [
        1,
        1,
        1,
        1,
        1,
        1,
        1,
        null,
        null
      ],
      "/Users/autumn/repo/CS169/bail-reform-at-berkeley/app/helpers/application_helper.rb": [
        1,
        null
      ],
      "/Users/autumn/repo/CS169/bail-reform-at-berkeley/app/helpers/donate_helper.rb": [
        1,
        null
      ],
      "/Users/autumn/repo/CS169/bail-reform-at-berkeley/app/helpers/home_helper.rb": [
        1,
        null
      ],
      "/Users/autumn/repo/CS169/bail-reform-at-berkeley/app/controllers/donate_controller.rb": [
        1,
        1,
        null,
        null,
        1,
        1,
        1,
        1,
        null,
        1,
        1,
        null,
        null,
        null,
        null,
        null,
        0,
        null,
        1,
        null,
        null,
        null,
        1,
        null,
        null,
        1,
        null,
        null
      ],
      "/Users/autumn/repo/CS169/bail-reform-at-berkeley/app/controllers/application_controller.rb": [
        1,
        null
      ],
      "/Users/autumn/repo/CS169/bail-reform-at-berkeley/spec/controllers/home_controller_spec.rb": [
        1,
        null,
        1,
        1,
        1,
        1,
        null,
        null
      ],
      "/Users/autumn/repo/CS169/bail-reform-at-berkeley/app/controllers/home_controller.rb": [
        1,
        1,
        null,
        null
      ]
    },
    "timestamp": 1554522946
  }
}
